<?xml version="1.0" encoding="utf-8"?><testsuites name="pytest tests"><testsuite name="pytest" errors="0" failures="0" skipped="0" tests="18" time="3.296" timestamp="2026-03-30T18:04:07.600082+00:00" hostname="agent-env-97cfb51e-1e2b-46e5-bc79-2f50bc47082f"><testcase classname="backend.tests.test_tactical_sound.TestPWAAssets" name="test_manifest_json_accessible" time="0.196" /><testcase classname="backend.tests.test_tactical_sound.TestPWAAssets" name="test_manifest_icons_array" time="0.144" /><testcase classname="backend.tests.test_tactical_sound.TestPWAAssets" name="test_favicon_accessible" time="0.121" /><testcase classname="backend.tests.test_tactical_sound.TestPWAAssets" name="test_icon_192_accessible" time="0.178" /><testcase classname="backend.tests.test_tactical_sound.TestPWAAssets" name="test_icon_512_accessible" time="0.195" /><testcase classname="backend.tests.test_tactical_sound.TestPWAAssets" name="test_apple_touch_icon_accessible" time="0.150" /><testcase classname="backend.tests.test_tactical_sound.TestPWAAssets" name="test_favicon_16_accessible" time="0.119" /><testcase classname="backend.tests.test_tactical_sound.TestPWAAssets" name="test_favicon_32_accessible" time="0.158" /><testcase classname="backend.tests.test_tactical_sound.TestSongEndpoints" name="test_get_songs_list" time="0.137" /><testcase classname="backend.tests.test_tactical_sound.TestSongEndpoints" name="test_get_songs_with_search" time="0.203" /><testcase classname="backend.tests.test_tactical_sound.TestSongEndpoints" name="test_get_nonexistent_song" time="0.125" /><testcase classname="backend.tests.test_tactical_sound.TestSongEndpoints" name="test_stream_nonexistent_song" time="0.138" /><testcase classname="backend.tests.test_tactical_sound.TestSongEndpoints" name="test_like_nonexistent_song" time="0.120" /><testcase classname="backend.tests.test_tactical_sound.TestPlaylistEndpoints" name="test_get_playlists_list" time="0.114" /><testcase classname="backend.tests.test_tactical_sound.TestPlaylistEndpoints" name="test_create_and_delete_playlist" time="0.700" /><testcase classname="backend.tests.test_tactical_sound.TestPlaylistEndpoints" name="test_get_nonexistent_playlist" time="0.105" /><testcase classname="backend.tests.test_tactical_sound.TestStatsEndpoint" name="test_get_stats" time="0.107" /><testcase classname="backend.tests.test_tactical_sound.TestFrontendPage" name="test_homepage_loads" time="0.103" /></testsuite></testsuites>