<?xml version="1.0" encoding="utf-8"?><testsuites name="pytest tests"><testsuite name="pytest" errors="0" failures="0" skipped="3" tests="16" time="4.791" timestamp="2026-03-30T21:12:32.633592+00:00" hostname="agent-env-97cfb51e-1e2b-46e5-bc79-2f50bc47082f"><testcase classname="backend.tests.test_phase2_features.TestHealthCheck" name="test_health_endpoint" time="0.245" /><testcase classname="backend.tests.test_phase2_features.TestHistoryEndpoints" name="test_get_history_authenticated" time="0.399" /><testcase classname="backend.tests.test_phase2_features.TestHistoryEndpoints" name="test_get_history_unauthenticated" time="0.203" /><testcase classname="backend.tests.test_phase2_features.TestHistoryEndpoints" name="test_get_history_stats_authenticated" time="0.420" /><testcase classname="backend.tests.test_phase2_features.TestHistoryEndpoints" name="test_get_history_stats_unauthenticated" time="0.153" /><testcase classname="backend.tests.test_phase2_features.TestArtistDetailEndpoints" name="test_get_artists_list" time="0.471" /><testcase classname="backend.tests.test_phase2_features.TestArtistDetailEndpoints" name="test_get_artists_unauthenticated" time="0.139" /><testcase classname="backend.tests.test_phase2_features.TestArtistDetailEndpoints" name="test_get_artist_songs" time="0.396"><skipped type="pytest.skip" message="No artists available to test">/app/backend/tests/test_phase2_features.py:126: No artists available to test</skipped></testcase><testcase classname="backend.tests.test_phase2_features.TestArtistDetailEndpoints" name="test_get_artist_songs_unauthenticated" time="0.177" /><testcase classname="backend.tests.test_phase2_features.TestAlbumDetailEndpoints" name="test_get_albums_list" time="0.398" /><testcase classname="backend.tests.test_phase2_features.TestAlbumDetailEndpoints" name="test_get_albums_unauthenticated" time="0.137" /><testcase classname="backend.tests.test_phase2_features.TestAlbumDetailEndpoints" name="test_get_album_songs" time="0.436"><skipped type="pytest.skip" message="No albums available to test">/app/backend/tests/test_phase2_features.py:192: No albums available to test</skipped></testcase><testcase classname="backend.tests.test_phase2_features.TestAlbumDetailEndpoints" name="test_get_album_songs_unauthenticated" time="0.113" /><testcase classname="backend.tests.test_phase2_features.TestUploadAndHistoryIntegration" name="test_full_history_flow" time="0.332"><skipped type="pytest.skip" message="Could not create test MP3: [Errno 2] No such file or directory: 'ffmpeg'">/app/backend/tests/test_phase2_features.py:241: Could not create test MP3: [Errno 2] No such file or directory: 'ffmpeg'</skipped></testcase><testcase classname="backend.tests.test_phase2_features.TestUploadAndHistoryIntegration" name="test_add_history_nonexistent_song" time="0.412" /><testcase classname="backend.tests.test_phase2_features.TestUploadAndHistoryIntegration" name="test_add_history_unauthenticated" time="0.103" /></testsuite></testsuites>