<?xml version="1.0" encoding="utf-8"?><testsuites name="pytest tests"><testsuite name="pytest" errors="0" failures="0" skipped="0" tests="17" time="6.358" timestamp="2026-03-30T23:02:59.522832+00:00" hostname="agent-env-97cfb51e-1e2b-46e5-bc79-2f50bc47082f"><testcase classname="backend.tests.test_new_features.TestSecurityFeatures" name="test_health_check" time="0.108" /><testcase classname="backend.tests.test_new_features.TestSecurityFeatures" name="test_upload_limit_small_file_succeeds" time="0.538" /><testcase classname="backend.tests.test_new_features.TestSecurityFeatures" name="test_cors_headers_present" time="0.072" /><testcase classname="backend.tests.test_new_features.TestPagination" name="test_songs_default_pagination" time="0.391" /><testcase classname="backend.tests.test_new_features.TestPagination" name="test_songs_with_page_param" time="0.407" /><testcase classname="backend.tests.test_new_features.TestPagination" name="test_songs_with_limit_param" time="0.384" /><testcase classname="backend.tests.test_new_features.TestPagination" name="test_songs_page_2_empty_or_different" time="0.429" /><testcase classname="backend.tests.test_new_features.TestPlayLogging" name="test_add_to_history_returns_ok" time="0.417" /><testcase classname="backend.tests.test_new_features.TestPlayLogging" name="test_history_increments_play_count" time="0.607" /><testcase classname="backend.tests.test_new_features.TestWeeklyStats" name="test_weekly_stats_requires_auth" time="0.117" /><testcase classname="backend.tests.test_new_features.TestWeeklyStats" name="test_weekly_stats_returns_correct_structure" time="0.418" /><testcase classname="backend.tests.test_new_features.TestWeeklyStats" name="test_weekly_stats_has_data_when_plays_exist" time="0.509" /><testcase classname="backend.tests.test_new_features.TestWeeklyStats" name="test_weekly_stats_top_songs_structure" time="0.385" /><testcase classname="backend.tests.test_new_features.TestWeeklyStats" name="test_weekly_stats_top_artists_structure" time="0.387" /><testcase classname="backend.tests.test_new_features.TestHistoryStats" name="test_history_stats_returns_data" time="0.419" /><testcase classname="backend.tests.test_new_features.TestAuthEndpoints" name="test_login_sets_httponly_cookies" time="0.347" /><testcase classname="backend.tests.test_new_features.TestAuthEndpoints" name="test_brute_force_lockout" time="0.357" /></testsuite></testsuites>