<?xml version="1.0" encoding="utf-8"?><testsuites name="pytest tests"><testsuite name="pytest" errors="0" failures="1" skipped="2" tests="26" time="13.522" timestamp="2026-03-30T20:16:43.009826+00:00" hostname="agent-env-97cfb51e-1e2b-46e5-bc79-2f50bc47082f"><testcase classname="tests.test_444hf_music.TestHealthAndBasics" name="test_api_reachable" time="0.266" /><testcase classname="tests.test_444hf_music.TestAuthEndpoints" name="test_login_success" time="0.368" /><testcase classname="tests.test_444hf_music.TestAuthEndpoints" name="test_login_invalid_credentials" time="0.423" /><testcase classname="tests.test_444hf_music.TestAuthEndpoints" name="test_register_new_user" time="0.448" /><testcase classname="tests.test_444hf_music.TestAuthEndpoints" name="test_register_duplicate_email" time="0.178" /><testcase classname="tests.test_444hf_music.TestAuthEndpoints" name="test_get_me_authenticated" time="0.498" /><testcase classname="tests.test_444hf_music.TestAuthEndpoints" name="test_get_me_unauthenticated" time="0.171" /><testcase classname="tests.test_444hf_music.TestAuthEndpoints" name="test_logout" time="0.505" /><testcase classname="tests.test_444hf_music.TestAuthEndpoints" name="test_refresh_token" time="0.459" /><testcase classname="tests.test_444hf_music.TestBruteForceProtection" name="test_brute_force_lockout" time="1.166"><failure message="AssertionError: Expected 429 (rate limited), got 401&#10;assert 401 == 429&#10; +  where 401 = &lt;Response [401]&gt;.status_code">tests/test_444hf_music.py:189: in test_brute_force_lockout
    assert response.status_code == 429, f"Expected 429 (rate limited), got {response.status_code}"
E   AssertionError: Expected 429 (rate limited), got 401
E   assert 401 == 429
E    +  where 401 = &lt;Response [401]&gt;.status_code</failure></testcase><testcase classname="tests.test_444hf_music.TestSongsEndpoints" name="test_get_songs_authenticated" time="2.409" /><testcase classname="tests.test_444hf_music.TestSongsEndpoints" name="test_get_songs_unauthenticated" time="0.185" /><testcase classname="tests.test_444hf_music.TestSongsEndpoints" name="test_upload_song" time="0.528" /><testcase classname="tests.test_444hf_music.TestSongsEndpoints" name="test_toggle_like" time="0.454"><skipped type="pytest.skip" message="No songs available to test like functionality">/app/backend/tests/test_444hf_music.py:273: No songs available to test like functionality</skipped></testcase><testcase classname="tests.test_444hf_music.TestSongsEndpoints" name="test_get_liked_songs" time="0.448" /><testcase classname="tests.test_444hf_music.TestSongsEndpoints" name="test_stream_nonexistent_song" time="0.137" /><testcase classname="tests.test_444hf_music.TestPlaylistsEndpoints" name="test_create_playlist" time="0.490" /><testcase classname="tests.test_444hf_music.TestPlaylistsEndpoints" name="test_get_playlists" time="0.406" /><testcase classname="tests.test_444hf_music.TestPlaylistsEndpoints" name="test_get_playlist_by_id" time="0.563" /><testcase classname="tests.test_444hf_music.TestPlaylistsEndpoints" name="test_add_song_to_playlist" time="0.440"><skipped type="pytest.skip" message="No songs available to add to playlist">/app/backend/tests/test_444hf_music.py:372: No songs available to add to playlist</skipped></testcase><testcase classname="tests.test_444hf_music.TestPlaylistsEndpoints" name="test_delete_playlist" time="0.520" /><testcase classname="tests.test_444hf_music.TestSearchEndpoint" name="test_search" time="0.396" /><testcase classname="tests.test_444hf_music.TestStatsEndpoint" name="test_get_stats" time="0.444" /><testcase classname="tests.test_444hf_music.TestArtistsEndpoint" name="test_get_artists" time="0.426" /><testcase classname="tests.test_444hf_music.TestUserProfileEndpoints" name="test_get_user_profile" time="0.404" /><testcase classname="tests.test_444hf_music.TestUserProfileEndpoints" name="test_update_user_profile" time="0.525" /></testsuite></testsuites>