<?xml version="1.0" encoding="utf-8"?><testsuites name="pytest tests"><testsuite name="pytest" errors="0" failures="0" skipped="0" tests="10" time="4.094" timestamp="2026-03-30T22:43:30.718547+00:00" hostname="agent-env-97cfb51e-1e2b-46e5-bc79-2f50bc47082f"><testcase classname="backend.tests.test_metadata_fix.TestMetadataFix" name="test_health_check" time="0.179" /><testcase classname="backend.tests.test_metadata_fix.TestMetadataFix" name="test_admin_login" time="0.360" /><testcase classname="backend.tests.test_metadata_fix.TestMetadataFix" name="test_upload_song_extracts_metadata_from_id3_tags" time="0.518" /><testcase classname="backend.tests.test_metadata_fix.TestMetadataFix" name="test_upload_song_uses_filename_as_fallback_title" time="0.509" /><testcase classname="backend.tests.test_metadata_fix.TestMetadataFix" name="test_upload_with_form_data_overrides_metadata" time="0.638" /><testcase classname="backend.tests.test_metadata_fix.TestMetadataFix" name="test_get_songs_returns_correct_metadata_fields" time="0.547" /><testcase classname="backend.tests.test_metadata_fix.TestMetadataFix" name="test_admin_migrate_metadata_requires_admin_role" time="0.098" /><testcase classname="backend.tests.test_metadata_fix.TestMetadataFix" name="test_admin_migrate_metadata_works" time="0.382" /><testcase classname="backend.tests.test_metadata_fix.TestMetadataFix" name="test_existing_song_has_proper_metadata" time="0.386" /><testcase classname="backend.tests.test_metadata_fix.TestDurationFormatting" name="test_duration_is_rounded_float" time="0.395" /></testsuite></testsuites>