<?xml version="1.0" encoding="utf-8"?><testsuites name="pytest tests"><testsuite name="pytest" errors="0" failures="0" skipped="0" tests="15" time="11.409" timestamp="2026-03-31T00:00:11.115103+00:00" hostname="agent-env-97cfb51e-1e2b-46e5-bc79-2f50bc47082f"><testcase classname="backend.tests.test_p2_sharing_collab.TestPlaylistSharing" name="test_toggle_share_enables_sharing" time="0.680" /><testcase classname="backend.tests.test_p2_sharing_collab.TestPlaylistSharing" name="test_get_shared_playlist_requires_auth" time="0.151" /><testcase classname="backend.tests.test_p2_sharing_collab.TestPlaylistSharing" name="test_get_shared_playlist_returns_data" time="0.396" /><testcase classname="backend.tests.test_p2_sharing_collab.TestPlaylistSharing" name="test_get_shared_invalid_returns_404" time="0.387" /><testcase classname="backend.tests.test_p2_sharing_collab.TestPlaylistSharing" name="test_share_only_owner_can_toggle" time="0.953" /><testcase classname="backend.tests.test_p2_sharing_collab.TestCollaborativePlaylist" name="test_add_collaborator_by_email" time="0.925" /><testcase classname="backend.tests.test_p2_sharing_collab.TestCollaborativePlaylist" name="test_get_collaborators_list" time="1.005" /><testcase classname="backend.tests.test_p2_sharing_collab.TestCollaborativePlaylist" name="test_remove_collaborator" time="0.952" /><testcase classname="backend.tests.test_p2_sharing_collab.TestCollaborativePlaylist" name="test_cannot_add_self_as_collaborator" time="0.589" /><testcase classname="backend.tests.test_p2_sharing_collab.TestCollaborativePlaylist" name="test_add_nonexistent_user_returns_404" time="0.472" /><testcase classname="backend.tests.test_p2_sharing_collab.TestCollaboratorPermissions" name="test_collaborator_can_add_song" time="0.984" /><testcase classname="backend.tests.test_p2_sharing_collab.TestCollaboratorPermissions" name="test_collaborator_can_remove_song" time="1.004" /><testcase classname="backend.tests.test_p2_sharing_collab.TestCollaboratorPermissions" name="test_non_collaborator_cannot_add_song" time="0.905" /><testcase classname="backend.tests.test_p2_sharing_collab.TestCollaboratorPermissions" name="test_non_collaborator_cannot_remove_song" time="0.989" /><testcase classname="backend.tests.test_p2_sharing_collab.TestCollaboratorPermissions" name="test_collaborator_sees_playlist_in_list" time="0.920" /></testsuite></testsuites>